<?xml version="1.0" encoding="UTF-8"?>
<!-- Generated by org.testng.reporters.JUnitXMLReporter -->
<testsuite ignored="0" hostname="HP" failures="0" tests="4" name="Test" time="0.07" errors="0" timestamp="2022-05-24T22:14:27 IST">
  <testcase classname="Testscript.Test2" name="tc3" time="0.011"/>
  <testcase classname="Testscript.Test1" name="tc2" time="0.001"/>
  <testcase classname="Testscript.Test3" name="tc4" time="0.002"/>
  <testcase classname="Testscript.Test0" name="tc1" time="0.003"/>
</testsuite> <!-- Test -->
