<?xml version="1.0" encoding="UTF-8"?>
<testng-results ignored="0" total="4" passed="4" failed="0" skipped="0">
  <reporter-output>
    <line>
      <![CDATA[java programing langauge]]>
    </line>
    <line>
      <![CDATA[selenium automation]]>
    </line>
    <line>
      <![CDATA[Html scripted language]]>
    </line>
    <line>
      <![CDATA[Hello ]]>
    </line>
  </reporter-output>
  <suite started-at="2022-05-24T22:14:27 IST" name="Suite" finished-at="2022-05-24T22:14:27 IST" duration-ms="70">
    <groups>
    </groups>
    <test started-at="2022-05-24T22:14:27 IST" name="Test" finished-at="2022-05-24T22:14:27 IST" duration-ms="70">
      <class name="Testscript.Test3">
        <test-method signature="tc4()[pri:0, instance:Testscript.Test3@6580cfdd]" started-at="2022-05-24T22:14:27 IST" name="tc4" finished-at="2022-05-24T22:14:27 IST" duration-ms="2" status="PASS">
          <reporter-output>
            <line>
              <![CDATA[Html scripted language]]>
            </line>
          </reporter-output>
        </test-method> <!-- tc4 -->
      </class> <!-- Testscript.Test3 -->
      <class name="Testscript.Test2">
        <test-method signature="tc3()[pri:0, instance:Testscript.Test2@1622f1b]" started-at="2022-05-24T22:14:27 IST" name="tc3" finished-at="2022-05-24T22:14:27 IST" duration-ms="11" status="PASS">
          <reporter-output>
            <line>
              <![CDATA[java programing langauge]]>
            </line>
          </reporter-output>
        </test-method> <!-- tc3 -->
      </class> <!-- Testscript.Test2 -->
      <class name="Testscript.Test1">
        <test-method signature="tc2()[pri:0, instance:Testscript.Test1@6a400542]" started-at="2022-05-24T22:14:27 IST" name="tc2" finished-at="2022-05-24T22:14:27 IST" duration-ms="1" status="PASS">
          <reporter-output>
            <line>
              <![CDATA[selenium automation]]>
            </line>
          </reporter-output>
        </test-method> <!-- tc2 -->
      </class> <!-- Testscript.Test1 -->
      <class name="Testscript.Test0">
        <test-method signature="tc1()[pri:0, instance:Testscript.Test0@7e0b85f9]" started-at="2022-05-24T22:14:27 IST" name="tc1" finished-at="2022-05-24T22:14:27 IST" duration-ms="3" status="PASS">
          <reporter-output>
            <line>
              <![CDATA[Hello ]]>
            </line>
          </reporter-output>
        </test-method> <!-- tc1 -->
      </class> <!-- Testscript.Test0 -->
    </test> <!-- Test -->
  </suite> <!-- Suite -->
</testng-results>
